Debugger listening on port 5858
博客启动...../n 45.78.50.233:3000
success get getCategory.....
success connect mongoDB....
success get collection ...
success to find category....
[ { _id: 563dd8de0b60db5fd9ee0011, id: 0, name: 'android' },
  { _id: 563dd9190b60db5fd9ee0012, id: 1, name: 'linux' },
  { _id: 563dd92f0b60db5fd9ee0013, id: 2, name: 'nodejs' } ]
success get getCategory.....
success connect mongoDB....
success get collection ...
success to find category....
[ { _id: 563dd8de0b60db5fd9ee0011, id: 0, name: 'android' },
  { _id: 563dd9190b60db5fd9ee0012, id: 1, name: 'linux' },
  { _id: 563dd92f0b60db5fd9ee0013, id: 2, name: 'nodejs' } ]
success get getCategory.....
success connect mongoDB....
success get collection ...
success to find category....
[ { _id: 563dd8de0b60db5fd9ee0011, id: 0, name: 'android' },
  { _id: 563dd9190b60db5fd9ee0012, id: 1, name: 'linux' },
  { _id: 563dd92f0b60db5fd9ee0013, id: 2, name: 'nodejs' } ]
success get getCategory.....
success connect mongoDB....
success get collection ...
success to find category....
[ { _id: 563dd8de0b60db5fd9ee0011, id: 0, name: 'android' },
  { _id: 563dd9190b60db5fd9ee0012, id: 1, name: 'linux' },
  { _id: 563dd92f0b60db5fd9ee0013, id: 2, name: 'nodejs' } ]
success getBlogByCategory.do
success connect mongoDB....
success get collection ...
success to find category....
[ { _id: 563efcea3260dbd9f11df136,
    id: 0,
    title: 'how to use android adapter?',
    content: 'android adapter is a very useful class for all developer......',
    date: 'new Date()',
    category: 0 },
  { _id: 563efd8d3260dbd9f11df137,
    id: 1,
    title: 'what about dialog for custom?',
    content: 'sometimes we dislike the dialog that the android system give us , we want to custom the dialog theme for ourselves, then, i will tell you how to do this......',
    date: '2015-11-8 15:43:00',
    category: 0 } ]
success get getCategory.....
success connect mongoDB....
success get collection ...
success to find category....
[ { _id: 563dd8de0b60db5fd9ee0011, id: 0, name: 'android' },
  { _id: 563dd9190b60db5fd9ee0012, id: 1, name: 'linux' },
  { _id: 563dd92f0b60db5fd9ee0013, id: 2, name: 'nodejs' } ]
success getBlogByCategory.do
success connect mongoDB....
success get collection ...
success to find category....
[ { _id: 563efcea3260dbd9f11df136,
    id: 0,
    title: 'how to use android adapter?',
    content: 'android adapter is a very useful class for all developer......',
    date: 'new Date()',
    category: 0 },
  { _id: 563efd8d3260dbd9f11df137,
    id: 1,
    title: 'what about dialog for custom?',
    content: 'sometimes we dislike the dialog that the android system give us , we want to custom the dialog theme for ourselves, then, i will tell you how to do this......',
    date: '2015-11-8 15:43:00',
    category: 0 } ]
success getBlogByCategory.do
success connect mongoDB....
success get collection ...
success to find category....
[]
success getBlogByCategory.do
success connect mongoDB....
success get collection ...
success to find category....
[]
success getBlogByCategory.do
success connect mongoDB....
success get collection ...
success to find category....
[ { _id: 563efcea3260dbd9f11df136,
    id: 0,
    title: 'how to use android adapter?',
    content: 'android adapter is a very useful class for all developer......',
    date: 'new Date()',
    category: 0 },
  { _id: 563efd8d3260dbd9f11df137,
    id: 1,
    title: 'what about dialog for custom?',
    content: 'sometimes we dislike the dialog that the android system give us , we want to custom the dialog theme for ourselves, then, i will tell you how to do this......',
    date: '2015-11-8 15:43:00',
    category: 0 } ]
success getBlogByCategory.do
success connect mongoDB....
success get collection ...
success to find category....
[ { _id: 563efcea3260dbd9f11df136,
    id: 0,
    title: 'how to use android adapter?',
    content: 'android adapter is a very useful class for all developer......',
    date: 'new Date()',
    category: 0 },
  { _id: 563efd8d3260dbd9f11df137,
    id: 1,
    title: 'what about dialog for custom?',
    content: 'sometimes we dislike the dialog that the android system give us , we want to custom the dialog theme for ourselves, then, i will tell you how to do this......',
    date: '2015-11-8 15:43:00',
    category: 0 } ]
success getBlogByCategory.do
success connect mongoDB....
success get collection ...
success to find category....
[ { _id: 563efcea3260dbd9f11df136,
    id: 0,
    title: 'how to use android adapter?',
    content: 'android adapter is a very useful class for all developer......',
    date: 'new Date()',
    category: 0 },
  { _id: 563efd8d3260dbd9f11df137,
    id: 1,
    title: 'what about dialog for custom?',
    content: 'sometimes we dislike the dialog that the android system give us , we want to custom the dialog theme for ourselves, then, i will tell you how to do this......',
    date: '2015-11-8 15:43:00',
    category: 0 } ]
success getBlogByCategory.do
success connect mongoDB....
success get collection ...
success to find category....
[ { _id: 563efcea3260dbd9f11df136,
    id: 0,
    title: 'how to use android adapter?',
    content: 'android adapter is a very useful class for all developer......',
    date: 'new Date()',
    category: 0 },
  { _id: 563efd8d3260dbd9f11df137,
    id: 1,
    title: 'what about dialog for custom?',
    content: 'sometimes we dislike the dialog that the android system give us , we want to custom the dialog theme for ourselves, then, i will tell you how to do this......',
    date: '2015-11-8 15:43:00',
    category: 0 } ]
success getBlogByCategory.do
success connect mongoDB....
success get collection ...
success to find category....
[ { _id: 563efcea3260dbd9f11df136,
    id: 0,
    title: 'how to use android adapter?',
    content: 'android adapter is a very useful class for all developer......',
    date: 'new Date()',
    category: 0 },
  { _id: 563efd8d3260dbd9f11df137,
    id: 1,
    title: 'what about dialog for custom?',
    content: 'sometimes we dislike the dialog that the android system give us , we want to custom the dialog theme for ourselves, then, i will tell you how to do this......',
    date: '2015-11-8 15:43:00',
    category: 0 } ]
success get getCategory.....
success connect mongoDB....
success get collection ...
success to find category....
[ { _id: 563dd8de0b60db5fd9ee0011, id: 0, name: 'android' },
  { _id: 563dd9190b60db5fd9ee0012, id: 1, name: 'linux' },
  { _id: 563dd92f0b60db5fd9ee0013, id: 2, name: 'nodejs' } ]
success getBlogByCategory.do
success connect mongoDB....
success get collection ...
success to find category....
[ { _id: 563efcea3260dbd9f11df136,
    id: 0,
    title: 'how to use android adapter?',
    content: 'android adapter is a very useful class for all developer......',
    date: 'new Date()',
    category: 0 },
  { _id: 563efd8d3260dbd9f11df137,
    id: 1,
    title: 'what about dialog for custom?',
    content: 'sometimes we dislike the dialog that the android system give us , we want to custom the dialog theme for ourselves, then, i will tell you how to do this......',
    date: '2015-11-8 15:43:00',
    category: 0 } ]
success getBlogByCategory.do
success connect mongoDB....
success get collection ...
success to find category....
[ { _id: 563efcea3260dbd9f11df136,
    id: 0,
    title: 'how to use android adapter?',
    content: 'android adapter is a very useful class for all developer......',
    date: 'new Date()',
    category: 0 },
  { _id: 563efd8d3260dbd9f11df137,
    id: 1,
    title: 'what about dialog for custom?',
    content: 'sometimes we dislike the dialog that the android system give us , we want to custom the dialog theme for ourselves, then, i will tell you how to do this......',
    date: '2015-11-8 15:43:00',
    category: 0 } ]
success getBlogByCategory.do
success connect mongoDB....
success get collection ...
success to find category....
[ { _id: 563efcea3260dbd9f11df136,
    id: 0,
    title: 'how to use android adapter?',
    content: 'android adapter is a very useful class for all developer......',
    date: 'new Date()',
    category: 0 },
  { _id: 563efd8d3260dbd9f11df137,
    id: 1,
    title: 'what about dialog for custom?',
    content: 'sometimes we dislike the dialog that the android system give us , we want to custom the dialog theme for ourselves, then, i will tell you how to do this......',
    date: '2015-11-8 15:43:00',
    category: 0 } ]
success getBlogByCategory.do
success connect mongoDB....
success get collection ...
success to find category....
[ { _id: 563efcea3260dbd9f11df136,
    id: 0,
    title: 'how to use android adapter?',
    content: 'android adapter is a very useful class for all developer......',
    date: 'new Date()',
    category: 0 },
  { _id: 563efd8d3260dbd9f11df137,
    id: 1,
    title: 'what about dialog for custom?',
    content: 'sometimes we dislike the dialog that the android system give us , we want to custom the dialog theme for ourselves, then, i will tell you how to do this......',
    date: '2015-11-8 15:43:00',
    category: 0 } ]
success getBlogByCategory.do
success connect mongoDB....
success get collection ...
success to find category....
[ { _id: 563efcea3260dbd9f11df136,
    id: 0,
    title: 'how to use android adapter?',
    content: 'android adapter is a very useful class for all developer......',
    date: 'new Date()',
    category: 0 },
  { _id: 563efd8d3260dbd9f11df137,
    id: 1,
    title: 'what about dialog for custom?',
    content: 'sometimes we dislike the dialog that the android system give us , we want to custom the dialog theme for ourselves, then, i will tell you how to do this......',
    date: '2015-11-8 15:43:00',
    category: 0 } ]
success getBlogByCategory.do
success connect mongoDB....
success get collection ...
success to find category....
[ { _id: 563efcea3260dbd9f11df136,
    id: 0,
    title: 'how to use android adapter?',
    content: 'android adapter is a very useful class for all developer......',
    date: 'new Date()',
    category: 0 },
  { _id: 563efd8d3260dbd9f11df137,
    id: 1,
    title: 'what about dialog for custom?',
    content: 'sometimes we dislike the dialog that the android system give us , we want to custom the dialog theme for ourselves, then, i will tell you how to do this......',
    date: '2015-11-8 15:43:00',
    category: 0 } ]
success getBlogByCategory.do
success connect mongoDB....
success get collection ...
success to find category....
[ { _id: 563efcea3260dbd9f11df136,
    id: 0,
    title: 'how to use android adapter?',
    content: 'android adapter is a very useful class for all developer......',
    date: 'new Date()',
    category: 0 },
  { _id: 563efd8d3260dbd9f11df137,
    id: 1,
    title: 'what about dialog for custom?',
    content: 'sometimes we dislike the dialog that the android system give us , we want to custom the dialog theme for ourselves, then, i will tell you how to do this......',
    date: '2015-11-8 15:43:00',
    category: 0 } ]
success getBlogByCategory.do
success connect mongoDB....
success get collection ...
success to find category....
[ { _id: 563efcea3260dbd9f11df136,
    id: 0,
    title: 'how to use android adapter?',
    content: 'android adapter is a very useful class for all developer......',
    date: 'new Date()',
    category: 0 },
  { _id: 563efd8d3260dbd9f11df137,
    id: 1,
    title: 'what about dialog for custom?',
    content: 'sometimes we dislike the dialog that the android system give us , we want to custom the dialog theme for ourselves, then, i will tell you how to do this......',
    date: '2015-11-8 15:43:00',
    category: 0 } ]
success get getCategory.....
success connect mongoDB....
success get collection ...
success to find category....
[ { _id: 563dd8de0b60db5fd9ee0011, id: 0, name: 'android' },
  { _id: 563dd9190b60db5fd9ee0012, id: 1, name: 'linux' },
  { _id: 563dd92f0b60db5fd9ee0013, id: 2, name: 'nodejs' } ]
success get getCategory.....
success connect mongoDB....
success get collection ...
success to find category....
[ { _id: 563dd8de0b60db5fd9ee0011, id: 0, name: 'android' },
  { _id: 563dd9190b60db5fd9ee0012, id: 1, name: 'linux' },
  { _id: 563dd92f0b60db5fd9ee0013, id: 2, name: 'nodejs' } ]
success getBlogByCategory.do
success connect mongoDB....
success get collection ...
success to find category....
[ { _id: 563efcea3260dbd9f11df136,
    id: 0,
    title: 'how to use android adapter?',
    content: 'android adapter is a very useful class for all developer......',
    date: 'new Date()',
    category: 0 },
  { _id: 563efd8d3260dbd9f11df137,
    id: 1,
    title: 'what about dialog for custom?',
    content: 'sometimes we dislike the dialog that the android system give us , we want to custom the dialog theme for ourselves, then, i will tell you how to do this......',
    date: '2015-11-8 15:43:00',
    category: 0 } ]
success getBlogByCategory.do
success connect mongoDB....
success get collection ...
success to find category....
[ { _id: 563efcea3260dbd9f11df136,
    id: 0,
    title: 'how to use android adapter?',
    content: 'android adapter is a very useful class for all developer......',
    date: 'new Date()',
    category: 0 },
  { _id: 563efd8d3260dbd9f11df137,
    id: 1,
    title: 'what about dialog for custom?',
    content: 'sometimes we dislike the dialog that the android system give us , we want to custom the dialog theme for ourselves, then, i will tell you how to do this......',
    date: '2015-11-8 15:43:00',
    category: 0 } ]
success get getCategory.....
success connect mongoDB....
success get collection ...
success to find category....
[ { _id: 563dd8de0b60db5fd9ee0011, id: 0, name: 'android' },
  { _id: 563dd9190b60db5fd9ee0012, id: 1, name: 'linux' },
  { _id: 563dd92f0b60db5fd9ee0013, id: 2, name: 'nodejs' } ]
success getBlogByCategory.do
success connect mongoDB....
success get collection ...
success to find category....
[ { _id: 563efcea3260dbd9f11df136,
    id: 0,
    title: 'how to use android adapter?',
    content: 'android adapter is a very useful class for all developer......',
    date: 'new Date()',
    category: 0 },
  { _id: 563efd8d3260dbd9f11df137,
    id: 1,
    title: 'what about dialog for custom?',
    content: 'sometimes we dislike the dialog that the android system give us , we want to custom the dialog theme for ourselves, then, i will tell you how to do this......',
    date: '2015-11-8 15:43:00',
    category: 0 } ]
success get getCategory.....
success connect mongoDB....
success get collection ...
success to find category....
[ { _id: 563dd8de0b60db5fd9ee0011, id: 0, name: 'android' },
  { _id: 563dd9190b60db5fd9ee0012, id: 1, name: 'linux' },
  { _id: 563dd92f0b60db5fd9ee0013, id: 2, name: 'nodejs' } ]
success get getCategory.....
success connect mongoDB....
success get collection ...
success to find category....
[ { _id: 563dd8de0b60db5fd9ee0011, id: 0, name: 'android' },
  { _id: 563dd9190b60db5fd9ee0012, id: 1, name: 'linux' },
  { _id: 563dd92f0b60db5fd9ee0013, id: 2, name: 'nodejs' } ]
success get getCategory.....
success connect mongoDB....
success get collection ...
success to find category....
[ { _id: 563dd8de0b60db5fd9ee0011, id: 0, name: 'android' },
  { _id: 563dd9190b60db5fd9ee0012, id: 1, name: 'linux' },
  { _id: 563dd92f0b60db5fd9ee0013, id: 2, name: 'nodejs' } ]
success getBlogByCategory.do
success connect mongoDB....
success get collection ...
success to find category....
[ { _id: 563efcea3260dbd9f11df136,
    id: 0,
    title: 'how to use android adapter?',
    content: 'android adapter is a very useful class for all developer......',
    date: 'new Date()',
    category: 0 },
  { _id: 563efd8d3260dbd9f11df137,
    id: 1,
    title: 'what about dialog for custom?',
    content: 'sometimes we dislike the dialog that the android system give us , we want to custom the dialog theme for ourselves, then, i will tell you how to do this......',
    date: '2015-11-8 15:43:00',
    category: 0 } ]
success get getCategory.....
success connect mongoDB....
success get collection ...
success to find category....
[ { _id: 563dd8de0b60db5fd9ee0011, id: 0, name: 'android' },
  { _id: 563dd9190b60db5fd9ee0012, id: 1, name: 'linux' },
  { _id: 563dd92f0b60db5fd9ee0013, id: 2, name: 'nodejs' } ]
success get getCategory.....
success connect mongoDB....
success get collection ...
success to find category....
[ { _id: 563dd8de0b60db5fd9ee0011, id: 0, name: 'android' },
  { _id: 563dd9190b60db5fd9ee0012, id: 1, name: 'linux' },
  { _id: 563dd92f0b60db5fd9ee0013, id: 2, name: 'nodejs' } ]
success get getCategory.....
success connect mongoDB....
success get collection ...
success to find category....
[ { _id: 563dd8de0b60db5fd9ee0011, id: 0, name: 'android' },
  { _id: 563dd9190b60db5fd9ee0012, id: 1, name: 'linux' },
  { _id: 563dd92f0b60db5fd9ee0013, id: 2, name: 'nodejs' } ]
success get getCategory.....
success connect mongoDB....
success get collection ...
success to find category....
[ { _id: 563dd8de0b60db5fd9ee0011, id: 0, name: 'android' },
  { _id: 563dd9190b60db5fd9ee0012, id: 1, name: 'linux' },
  { _id: 563dd92f0b60db5fd9ee0013, id: 2, name: 'nodejs' } ]
success get getCategory.....
success connect mongoDB....
success get collection ...
success to find category....
[ { _id: 563dd8de0b60db5fd9ee0011, id: 0, name: 'android' },
  { _id: 563dd9190b60db5fd9ee0012, id: 1, name: 'linux' },
  { _id: 563dd92f0b60db5fd9ee0013, id: 2, name: 'nodejs' } ]
success get getCategory.....
success connect mongoDB....
success get collection ...
success to find category....
[ { _id: 563dd8de0b60db5fd9ee0011, id: 0, name: 'android' },
  { _id: 563dd9190b60db5fd9ee0012, id: 1, name: 'linux' },
  { _id: 563dd92f0b60db5fd9ee0013, id: 2, name: 'nodejs' } ]
success get getCategory.....
success connect mongoDB....
success get collection ...
success to find category....
[ { _id: 563dd8de0b60db5fd9ee0011, id: 0, name: 'android' },
  { _id: 563dd9190b60db5fd9ee0012, id: 1, name: 'linux' },
  { _id: 563dd92f0b60db5fd9ee0013, id: 2, name: 'nodejs' } ]
